<?xml version="1.0" encoding="UTF-8"?>
<!-- Generated by org.testng.reporters.JUnitReportReporter -->
<testsuite hostname="Rohits-MacBook-Pro.local" failures="0" tests="2" name="com.amazon.qa.testcases.HomeTest" time="8.212" errors="0" timestamp="26 Mar 2021 09:44:25 GMT" skipped="0">
  <testcase classname="com.amazon.qa.testcases.HomeTest" name="HomepageValidation" time="3.599"/>
  <testcase classname="com.amazon.qa.testcases.HomeTest" name="clickOnSignIn" time="4.613"/>
</testsuite> <!-- com.amazon.qa.testcases.HomeTest -->
